# JRE version: OpenJDK Runtime Environment (7.0_65-b32) (build 1.7.0_65-b32)
# Java VM: OpenJDK Server VM (24.65-b04 mixed mode linux-x86 )
Heap
 PSYoungGen      total 11520K, used 1913K [0xa3b80000, 0xa48c0000, 0xb3300000)
  eden space 9472K, 20% used [0xa3b80000,0xa3d5e640,0xa44c0000)
  from space 2048K, 0% used [0xa44c0000,0xa44c0000,0xa46c0000)
  to   space 2048K, 0% used [0xa46c0000,0xa46c0000,0xa48c0000)
 ParOldGen       total 63744K, used 51117K [0x84d00000, 0x88b40000, 0xa3b80000)
  object space 63744K, 80% used [0x84d00000,0x87eeb7e0,0x88b40000)
 PSPermGen       total 16384K, used 6177K [0x7cd00000, 0x7dd00000, 0x84d00000)
  object space 16384K, 37% used [0x7cd00000,0x7d3086a0,0x7dd00000)
GC Heap History (10 events):
Event: 206.490 GC heap before
{Heap before GC invocations=100 (full 2):
 PSYoungGen      total 10752K, used 10544K [0xa3b80000, 0xa4840000, 0xb3300000)
  eden space 9984K, 100% used [0xa3b80000,0xa4540000,0xa4540000)
  from space 768K, 72% used [0xa4540000,0xa45cc000,0xa4600000)
  to   space 1536K, 0% used [0xa46c0000,0xa46c0000,0xa4840000)
 ParOldGen       total 51712K, used 49997K [0x84d00000, 0x87f80000, 0xa3b80000)
  object space 51712K, 96% used [0x84d00000,0x87dd3410,0x87f80000)
 PSPermGen       total 16384K, used 6177K [0x7cd00000, 0x7dd00000, 0x84d00000)
  object space 16384K, 37% used [0x7cd00000,0x7d3086a0,0x7dd00000)
Event: 206.494 GC heap after
Heap after GC invocations=100 (full 2):
 PSYoungGen      total 11264K, used 1040K [0xa3b80000, 0xa48c0000, 0xb3300000)
  eden space 9728K, 0% used [0xa3b80000,0xa3b80000,0xa4500000)
  from space 1536K, 67% used [0xa46c0000,0xa47c4000,0xa4840000)
  to   space 1792K, 0% used [0xa4500000,0xa4500000,0xa46c0000)
 ParOldGen       total 51712K, used 49997K [0x84d00000, 0x87f80000, 0xa3b80000)
  object space 51712K, 96% used [0x84d00000,0x87dd3410,0x87f80000)
 PSPermGen       total 16384K, used 6177K [0x7cd00000, 0x7dd00000, 0x84d00000)
  object space 16384K, 37% used [0x7cd00000,0x7d3086a0,0x7dd00000)
}
Event: 208.187 GC heap before
{Heap before GC invocations=101 (full 2):
 PSYoungGen      total 11264K, used 10768K [0xa3b80000, 0xa48c0000, 0xb3300000)
  eden space 9728K, 100% used [0xa3b80000,0xa4500000,0xa4500000)
  from space 1536K, 67% used [0xa46c0000,0xa47c4000,0xa4840000)
  to   space 1792K, 0% used [0xa4500000,0xa4500000,0xa46c0000)
 ParOldGen       total 51712K, used 49997K [0x84d00000, 0x87f80000, 0xa3b80000)
  object space 51712K, 96% used [0x84d00000,0x87dd3410,0x87f80000)
 PSPermGen       total 16384K, used 6177K [0x7cd00000, 0x7dd00000, 0x84d00000)
  object space 16384K, 37% used [0x7cd00000,0x7d3086a0,0x7dd00000)
Event: 208.191 GC heap after
Heap after GC invocations=101 (full 2):
 PSYoungGen      total 11520K, used 1488K [0xa3b80000, 0xa4880000, 0xb3300000)
  eden space 9728K, 0% used [0xa3b80000,0xa3b80000,0xa4500000)
  from space 1792K, 83% used [0xa4500000,0xa4674000,0xa46c0000)
  to   space 1792K, 0% used [0xa46c0000,0xa46c0000,0xa4880000)
 ParOldGen       total 51712K, used 49997K [0x84d00000, 0x87f80000, 0xa3b80000)
  object space 51712K, 96% used [0x84d00000,0x87dd3410,0x87f80000)
 PSPermGen       total 16384K, used 6177K [0x7cd00000, 0x7dd00000, 0x84d00000)
  object space 16384K, 37% used [0x7cd00000,0x7d3086a0,0x7dd00000)
}
Event: 209.876 GC heap before
{Heap before GC invocations=102 (full 2):
 PSYoungGen      total 11520K, used 11216K [0xa3b80000, 0xa4880000, 0xb3300000)
  eden space 9728K, 100% used [0xa3b80000,0xa4500000,0xa4500000)
  from space 1792K, 83% used [0xa4500000,0xa4674000,0xa46c0000)
  to   space 1792K, 0% used [0xa46c0000,0xa46c0000,0xa4880000)
 ParOldGen       total 51712K, used 49997K [0x84d00000, 0x87f80000, 0xa3b80000)
  object space 51712K, 96% used [0x84d00000,0x87dd3410,0x87f80000)
 PSPermGen       total 16384K, used 6177K [0x7cd00000, 0x7dd00000, 0x84d00000)
  object space 16384K, 37% used [0x7cd00000,0x7d3086a0,0x7dd00000)
Event: 209.882 GC heap after
Heap after GC invocations=102 (full 2):
 PSYoungGen      total 11264K, used 1488K [0xa3b80000, 0xa4900000, 0xb3300000)
  eden space 9472K, 0% used [0xa3b80000,0xa3b80000,0xa44c0000)
  from space 1792K, 83% used [0xa46c0000,0xa4834000,0xa4880000)
  to   space 2048K, 0% used [0xa44c0000,0xa44c0000,0xa46c0000)
 ParOldGen       total 51712K, used 50497K [0x84d00000, 0x87f80000, 0xa3b80000)
  object space 51712K, 97% used [0x84d00000,0x87e50410,0x87f80000)
 PSPermGen       total 16384K, used 6177K [0x7cd00000, 0x7dd00000, 0x84d00000)
  object space 16384K, 37% used [0x7cd00000,0x7d3086a0,0x7dd00000)
}
Event: 211.526 GC heap before
{Heap before GC invocations=103 (full 2):
 PSYoungGen      total 11264K, used 10960K [0xa3b80000, 0xa4900000, 0xb3300000)
  eden space 9472K, 100% used [0xa3b80000,0xa44c0000,0xa44c0000)
  from space 1792K, 83% used [0xa46c0000,0xa4834000,0xa4880000)
  to   space 2048K, 0% used [0xa44c0000,0xa44c0000,0xa46c0000)
 ParOldGen       total 51712K, used 50497K [0x84d00000, 0x87f80000, 0xa3b80000)
  object space 51712K, 97% used [0x84d00000,0x87e50410,0x87f80000)
 PSPermGen       total 16384K, used 6177K [0x7cd00000, 0x7dd00000, 0x84d00000)
  object space 16384K, 37% used [0x7cd00000,0x7d3086a0,0x7dd00000)
Event: 211.531 GC heap after
Heap after GC invocations=103 (full 2):
 PSYoungGen      total 11520K, used 1472K [0xa3b80000, 0xa48c0000, 0xb3300000)
  eden space 9472K, 0% used [0xa3b80000,0xa3b80000,0xa44c0000)
  from space 2048K, 71% used [0xa44c0000,0xa4630000,0xa46c0000)
  to   space 2048K, 0% used [0xa46c0000,0xa46c0000,0xa48c0000)
 ParOldGen       total 51712K, used 51001K [0x84d00000, 0x87f80000, 0xa3b80000)
  object space 51712K, 98% used [0x84d00000,0x87ece410,0x87f80000)
 PSPermGen       total 16384K, used 6177K [0x7cd00000, 0x7dd00000, 0x84d00000)
  object space 16384K, 37% used [0x7cd00000,0x7d3086a0,0x7dd00000)
}
Event: 211.531 GC heap before
{Heap before GC invocations=104 (full 3):
 PSYoungGen      total 11520K, used 1472K [0xa3b80000, 0xa48c0000, 0xb3300000)
  eden space 9472K, 0% used [0xa3b80000,0xa3b80000,0xa44c0000)
  from space 2048K, 71% used [0xa44c0000,0xa4630000,0xa46c0000)
  to   space 2048K, 0% used [0xa46c0000,0xa46c0000,0xa48c0000)
 ParOldGen       total 51712K, used 51001K [0x84d00000, 0x87f80000, 0xa3b80000)
  object space 51712K, 98% used [0x84d00000,0x87ece410,0x87f80000)
 PSPermGen       total 16384K, used 6177K [0x7cd00000, 0x7dd00000, 0x84d00000)
  object space 16384K, 37% used [0x7cd00000,0x7d3086a0,0x7dd00000)
Event: 211.764 GC heap after
Heap after GC invocations=104 (full 3):
 PSYoungGen      total 11520K, used 0K [0xa3b80000, 0xa48c0000, 0xb3300000)
  eden space 9472K, 0% used [0xa3b80000,0xa3b80000,0xa44c0000)
  from space 2048K, 0% used [0xa44c0000,0xa44c0000,0xa46c0000)
  to   space 2048K, 0% used [0xa46c0000,0xa46c0000,0xa48c0000)
 ParOldGen       total 63744K, used 51117K [0x84d00000, 0x88b40000, 0xa3b80000)
  object space 63744K, 80% used [0x84d00000,0x87eeb7e0,0x88b40000)
 PSPermGen       total 16384K, used 6177K [0x7cd00000, 0x7dd00000, 0x84d00000)
  object space 16384K, 37% used [0x7cd00000,0x7d3086a0,0x7dd00000)
}

