# JRE version: OpenJDK Runtime Environment (7.0_65-b32) (build 1.7.0_65-b32)
# Java VM: OpenJDK Server VM (24.65-b04 mixed mode linux-x86 )
Heap
 PSYoungGen      total 11520K, used 10045K [0xa3b80000, 0xa4b40000, 0xb3300000)
  eden space 8448K, 82% used [0xa3b80000,0xa4253450,0xa43c0000)
  from space 3072K, 99% used [0xa4740000,0xa4a3c000,0xa4a40000)
  to   space 3584K, 0% used [0xa43c0000,0xa43c0000,0xa4740000)
 ParOldGen       total 51712K, used 48963K [0x84d00000, 0x87f80000, 0xa3b80000)
  object space 51712K, 94% used [0x84d00000,0x87cd0e18,0x87f80000)
 PSPermGen       total 16384K, used 6182K [0x7cd00000, 0x7dd00000, 0x84d00000)
  object space 16384K, 37% used [0x7cd00000,0x7d3098f8,0x7dd00000)
GC Heap History (10 events):
Event: 179.942 GC heap before
{Heap before GC invocations=102 (full 2):
 PSYoungGen      total 11776K, used 10160K [0xa3b80000, 0xa4980000, 0xb3300000)
  eden space 9216K, 100% used [0xa3b80000,0xa4480000,0xa4480000)
  from space 2560K, 36% used [0xa4480000,0xa456c000,0xa4700000)
  to   space 2560K, 0% used [0xa4700000,0xa4700000,0xa4980000)
 ParOldGen       total 51712K, used 48963K [0x84d00000, 0x87f80000, 0xa3b80000)
  object space 51712K, 94% used [0x84d00000,0x87cd0e18,0x87f80000)
 PSPermGen       total 16384K, used 6182K [0x7cd00000, 0x7dd00000, 0x84d00000)
  object space 16384K, 37% used [0x7cd00000,0x7d3098f8,0x7dd00000)
Event: 179.945 GC heap after
Heap after GC invocations=102 (full 2):
 PSYoungGen      total 11776K, used 1376K [0xa3b80000, 0xa4980000, 0xb3300000)
  eden space 9216K, 0% used [0xa3b80000,0xa3b80000,0xa4480000)
  from space 2560K, 53% used [0xa4700000,0xa4858000,0xa4980000)
  to   space 2560K, 0% used [0xa4480000,0xa4480000,0xa4700000)
 ParOldGen       total 51712K, used 48963K [0x84d00000, 0x87f80000, 0xa3b80000)
  object space 51712K, 94% used [0x84d00000,0x87cd0e18,0x87f80000)
 PSPermGen       total 16384K, used 6182K [0x7cd00000, 0x7dd00000, 0x84d00000)
  object space 16384K, 37% used [0x7cd00000,0x7d3098f8,0x7dd00000)
}
Event: 181.526 GC heap before
{Heap before GC invocations=103 (full 2):
 PSYoungGen      total 11776K, used 10592K [0xa3b80000, 0xa4980000, 0xb3300000)
  eden space 9216K, 100% used [0xa3b80000,0xa4480000,0xa4480000)
  from space 2560K, 53% used [0xa4700000,0xa4858000,0xa4980000)
  to   space 2560K, 0% used [0xa4480000,0xa4480000,0xa4700000)
 ParOldGen       total 51712K, used 48963K [0x84d00000, 0x87f80000, 0xa3b80000)
  object space 51712K, 94% used [0x84d00000,0x87cd0e18,0x87f80000)
 PSPermGen       total 16384K, used 6182K [0x7cd00000, 0x7dd00000, 0x84d00000)
  object space 16384K, 37% used [0x7cd00000,0x7d3098f8,0x7dd00000)
Event: 181.531 GC heap after
Heap after GC invocations=103 (full 2):
 PSYoungGen      total 11776K, used 1792K [0xa3b80000, 0xa4980000, 0xb3300000)
  eden space 9216K, 0% used [0xa3b80000,0xa3b80000,0xa4480000)
  from space 2560K, 70% used [0xa4480000,0xa4640000,0xa4700000)
  to   space 2560K, 0% used [0xa4700000,0xa4700000,0xa4980000)
 ParOldGen       total 51712K, used 48963K [0x84d00000, 0x87f80000, 0xa3b80000)
  object space 51712K, 94% used [0x84d00000,0x87cd0e18,0x87f80000)
 PSPermGen       total 16384K, used 6182K [0x7cd00000, 0x7dd00000, 0x84d00000)
  object space 16384K, 37% used [0x7cd00000,0x7d3098f8,0x7dd00000)
}
Event: 183.108 GC heap before
{Heap before GC invocations=104 (full 2):
 PSYoungGen      total 11776K, used 11008K [0xa3b80000, 0xa4980000, 0xb3300000)
  eden space 9216K, 100% used [0xa3b80000,0xa4480000,0xa4480000)
  from space 2560K, 70% used [0xa4480000,0xa4640000,0xa4700000)
  to   space 2560K, 0% used [0xa4700000,0xa4700000,0xa4980000)
 ParOldGen       total 51712K, used 48963K [0x84d00000, 0x87f80000, 0xa3b80000)
  object space 51712K, 94% used [0x84d00000,0x87cd0e18,0x87f80000)
 PSPermGen       total 16384K, used 6182K [0x7cd00000, 0x7dd00000, 0x84d00000)
  object space 16384K, 37% used [0x7cd00000,0x7d3098f8,0x7dd00000)
Event: 183.113 GC heap after
Heap after GC invocations=104 (full 2):
 PSYoungGen      total 11520K, used 2224K [0xa3b80000, 0xa4a00000, 0xb3300000)
  eden space 8960K, 0% used [0xa3b80000,0xa3b80000,0xa4440000)
  from space 2560K, 86% used [0xa4700000,0xa492c000,0xa4980000)
  to   space 2816K, 0% used [0xa4440000,0xa4440000,0xa4700000)
 ParOldGen       total 51712K, used 48963K [0x84d00000, 0x87f80000, 0xa3b80000)
  object space 51712K, 94% used [0x84d00000,0x87cd0e18,0x87f80000)
 PSPermGen       total 16384K, used 6182K [0x7cd00000, 0x7dd00000, 0x84d00000)
  object space 16384K, 37% used [0x7cd00000,0x7d3098f8,0x7dd00000)
}
Event: 184.642 GC heap before
{Heap before GC invocations=105 (full 2):
 PSYoungGen      total 11520K, used 11184K [0xa3b80000, 0xa4a00000, 0xb3300000)
  eden space 8960K, 100% used [0xa3b80000,0xa4440000,0xa4440000)
  from space 2560K, 86% used [0xa4700000,0xa492c000,0xa4980000)
  to   space 2816K, 0% used [0xa4440000,0xa4440000,0xa4700000)
 ParOldGen       total 51712K, used 48963K [0x84d00000, 0x87f80000, 0xa3b80000)
  object space 51712K, 94% used [0x84d00000,0x87cd0e18,0x87f80000)
 PSPermGen       total 16384K, used 6182K [0x7cd00000, 0x7dd00000, 0x84d00000)
  object space 16384K, 37% used [0x7cd00000,0x7d3098f8,0x7dd00000)
Event: 184.647 GC heap after
Heap after GC invocations=105 (full 2):
 PSYoungGen      total 11776K, used 2640K [0xa3b80000, 0xa4a40000, 0xb3300000)
  eden space 8960K, 0% used [0xa3b80000,0xa3b80000,0xa4440000)
  from space 2816K, 93% used [0xa4440000,0xa46d4000,0xa4700000)
  to   space 3072K, 0% used [0xa4740000,0xa4740000,0xa4a40000)
 ParOldGen       total 51712K, used 48963K [0x84d00000, 0x87f80000, 0xa3b80000)
  object space 51712K, 94% used [0x84d00000,0x87cd0e18,0x87f80000)
 PSPermGen       total 16384K, used 6182K [0x7cd00000, 0x7dd00000, 0x84d00000)
  object space 16384K, 37% used [0x7cd00000,0x7d3098f8,0x7dd00000)
}
Event: 186.178 GC heap before
{Heap before GC invocations=106 (full 2):
 PSYoungGen      total 11776K, used 11600K [0xa3b80000, 0xa4a40000, 0xb3300000)
  eden space 8960K, 100% used [0xa3b80000,0xa4440000,0xa4440000)
  from space 2816K, 93% used [0xa4440000,0xa46d4000,0xa4700000)
  to   space 3072K, 0% used [0xa4740000,0xa4740000,0xa4a40000)
 ParOldGen       total 51712K, used 48963K [0x84d00000, 0x87f80000, 0xa3b80000)
  object space 51712K, 94% used [0x84d00000,0x87cd0e18,0x87f80000)
 PSPermGen       total 16384K, used 6182K [0x7cd00000, 0x7dd00000, 0x84d00000)
  object space 16384K, 37% used [0x7cd00000,0x7d3098f8,0x7dd00000)
Event: 186.188 GC heap after
Heap after GC invocations=106 (full 2):
 PSYoungGen      total 11520K, used 3056K [0xa3b80000, 0xa4b40000, 0xb3300000)
  eden space 8448K, 0% used [0xa3b80000,0xa3b80000,0xa43c0000)
  from space 3072K, 99% used [0xa4740000,0xa4a3c000,0xa4a40000)
  to   space 3584K, 0% used [0xa43c0000,0xa43c0000,0xa4740000)
 ParOldGen       total 51712K, used 48963K [0x84d00000, 0x87f80000, 0xa3b80000)
  object space 51712K, 94% used [0x84d00000,0x87cd0e18,0x87f80000)
 PSPermGen       total 16384K, used 6182K [0x7cd00000, 0x7dd00000, 0x84d00000)
  object space 16384K, 37% used [0x7cd00000,0x7d3098f8,0x7dd00000)
}

